<?xml version="1.0" encoding="UTF-8"?>
<testng-results ignored="0" total="1" passed="1" failed="0" skipped="0">
  <reporter-output>
  </reporter-output>
  <suite started-at="2023-07-22T11:09:43 IST" name="Default suite" finished-at="2023-07-22T11:09:43 IST" duration-ms="58">
    <groups>
    </groups>
    <test started-at="2023-07-22T11:09:43 IST" name="Default test" finished-at="2023-07-22T11:09:43 IST" duration-ms="58">
      <class name="Intial.TestNGClassPractice">
        <test-method signature="testFirst()[pri:0, instance:Intial.TestNGClassPractice@7ee955a8]" started-at="2023-07-22T11:09:43 IST" name="testFirst" finished-at="2023-07-22T11:09:43 IST" duration-ms="14" status="PASS">
          <reporter-output>
          </reporter-output>
        </test-method> <!-- testFirst -->
      </class> <!-- Intial.TestNGClassPractice -->
    </test> <!-- Default test -->
  </suite> <!-- Default suite -->
</testng-results>
